Start testing: May 13 17:19 대한민국 표준시
----------------------------------------------------------
1/23 Testing: ApprovalTest.PrintTextFixture
1/23 Test: ApprovalTest.PrintTextFixture
Command: "C:/DEV/GildedRose_11/build/gilded_rose_test.exe" "--gtest_filter=ApprovalTest.PrintTextFixture" "--gtest_also_run_disabled_tests"
Directory: C:/DEV/GildedRose_11/build
"ApprovalTest.PrintTextFixture" start time: May 13 17:19 대한민국 표준시
Output:
----------------------------------------------------------
Running main() from C:\DEV\GildedRose_11\build\_deps\googletest-src\googletest\src\gtest_main.cc
Note: Google Test filter = ApprovalTest.PrintTextFixture
[==========] Running 1 test from 1 test suite.
[----------] Global test environment set-up.
[----------] 1 test from ApprovalTest
[ RUN      ] ApprovalTest.PrintTextFixture
[       OK ] ApprovalTest.PrintTextFixture (0 ms)
[----------] 1 test from ApprovalTest (0 ms total)

[----------] Global test environment tear-down
[==========] 1 test from 1 test suite ran. (0 ms total)
[  PASSED  ] 1 test.
<end of output>
Test time =   0.01 sec
----------------------------------------------------------
Test Passed.
"ApprovalTest.PrintTextFixture" end time: May 13 17:19 대한민국 표준시
"ApprovalTest.PrintTextFixture" time elapsed: 00:00:00
----------------------------------------------------------

End testing: May 13 17:19 대한민국 표준시
