<?xml version="1.0" encoding="UTF-8"?>
<Site BuildName="(empty)"
	BuildStamp="20260513-0650-Experimental"
	Name="(empty)"
	Generator="ctest-4.3.2"
	CompilerName=""
	CompilerVersion=""
	OSName="Windows"
	Hostname="DESKTOP-60981LT"
	OSRelease="10.0.19045"
	OSVersion="Windows 10"
	OSPlatform="AMD64"
	Is64Bits="1"
	VendorString="AuthenticAMD"
	VendorID="Advanced Micro Devices"
	FamilyID="15"
	ModelID="8"
	ModelName="AMD Ryzen 5 3400G with Radeon Vega Graphics"
	ProcessorCacheSize="96"
	NumberOfLogicalCPU="8"
	NumberOfPhysicalCPU="4"
	TotalVirtualMemory="3922"
	TotalPhysicalMemory="12221"
	LogicalProcessorsPerPhysical="2"
	ProcessorClockFrequency="3700.000000"
	>
	<Testing>
		<StartDateTime>May 13 17:01 [NON-UTF-8-BYTE-0xB4][NON-UTF-8-BYTE-0xEB][NON-UTF-8-BYTE-0xC7]ѹα[NON-UTF-8-BYTE-0xB9] ǥ[NON-UTF-8-BYTE-0xC1]ؽ[NON-UTF-8-BYTE-0xC3]</StartDateTime>
		<StartTestTime>1778659298</StartTestTime>
		<TestList>
			<Test>./BackstageBoundary/BackstagePassTest.QualityUpdate/(6,_20,_22)</Test>
		</TestList>
		<Test Status="passed">
			<Name>BackstageBoundary/BackstagePassTest.QualityUpdate/(6, 20, 22)</Name>
			<Path>.</Path>
			<FullName>./BackstageBoundary/BackstagePassTest.QualityUpdate/(6,_20,_22)</FullName>
			<FullCommandLine>C:\DEV\GildedRose_11\build\gilded_rose_test.exe "--gtest_filter=BackstageBoundary/BackstagePassTest.QualityUpdate/3" "--gtest_also_run_disabled_tests"</FullCommandLine>
			<StartTestTime>1778659298.245621</StartTestTime>
			<Results>
				<NamedMeasurement type="numeric/double" name="Execution Time">
					<Value>0.012623</Value>
				</NamedMeasurement>
				<NamedMeasurement type="numeric/double" name="Processors">
					<Value>1</Value>
				</NamedMeasurement>
				<NamedMeasurement type="text/string" name="Completion Status">
					<Value>Completed</Value>
				</NamedMeasurement>
				<NamedMeasurement type="text/string" name="Command Line">
					<Value>C:\DEV\GildedRose_11\build\gilded_rose_test.exe "--gtest_filter=BackstageBoundary/BackstagePassTest.QualityUpdate/3" "--gtest_also_run_disabled_tests"</Value>
				</NamedMeasurement>
				<NamedMeasurement type="text/string" name="Environment">
					<Value>#CTEST_RESOURCE_GROUP_COUNT=</Value>
				</NamedMeasurement>
				<Measurement>
					<Value encoding="base64" compression="gzip">eJylUctuwjAQvOcr9kgOCY16Q+JQCsqhEqWh9BJHyMRLZNWxI3vdir9vHiiCSpUQndOOdzz7yrzWUldQc6knIRytqeF5xparD5ZKJVBkxuE+SdjBt5TtBTaOVcZUCgkdRc6WF5T1tIv2nWFclsHaEM4g7SXw3mbgKBWhhTksePnpiFe4MF4Lbk/T8WXDnevE8ZvnStJp1whOOH0M8vmIArJz8wlQb9w1f46dl4RxkEcjCkiVOXA15FF/SWt0jbrVIkW++SW+9Lyh0SCHbLeGHsV9kw2f4fXlPgOYPEDtwn9NMXgAGeIqDG7bHiG3kTDf+vo2f90ELNfxdZ128s3TdrtadqsbtHHwA61F3qo=</Value>
				</Measurement>
			</Results>
		</Test>
		<EndDateTime>May 13 17:01 [NON-UTF-8-BYTE-0xB4][NON-UTF-8-BYTE-0xEB][NON-UTF-8-BYTE-0xC7]ѹα[NON-UTF-8-BYTE-0xB9] ǥ[NON-UTF-8-BYTE-0xC1]ؽ[NON-UTF-8-BYTE-0xC3]</EndDateTime>
		<EndTestTime>1778659298</EndTestTime>
		<ElapsedMinutes>0</ElapsedMinutes>
	</Testing>
</Site>
